
=== Sun Dec 28 02:07:54 2025

Packages were changed.
Update Mode: updateDependencies

The following packages were updated:
  com.unity.localization from version 1.0.0 to 1.3.1
  com.unity.collab-proxy from version 1.15.4 to 2.5.2
  com.unity.feature.2d from version 1.0.0 to 2.0.1
  com.unity.ide.rider from version 3.0.7 to 3.0.31
  com.unity.ide.visualstudio from version 2.0.12 to 2.0.22
  com.unity.ide.vscode from version 1.2.4 to 1.2.5
  com.unity.test-framework from version 1.1.29 to 1.1.33
  com.unity.timeline from version 1.6.3 to 1.6.5
  com.unity.visualscripting from version 1.7.6 to 1.9.4

=== Sun Dec 28 04:56:52 2025

Packages were changed.
Update Mode: updateDependencies

The following packages were updated:
  com.unity.localization from version 1.0.0 to 1.3.1
  com.unity.collab-proxy from version 1.15.4 to 2.5.2
  com.unity.feature.2d from version 1.0.0 to 2.0.1
  com.unity.ide.rider from version 3.0.7 to 3.0.31
  com.unity.ide.visualstudio from version 2.0.12 to 2.0.22
  com.unity.ide.vscode from version 1.2.4 to 1.2.5
  com.unity.test-framework from version 1.1.29 to 1.1.33
  com.unity.timeline from version 1.6.3 to 1.6.5
  com.unity.visualscripting from version 1.7.6 to 1.9.4
